---------------------------------------------------------------
[ 2018-10-26T11:49:14+08:00 ] 114.222.127.102 GET /
[ info ] api.kkkbw.cn/ [运行时间：0.016840s][吞吐率：59.38req/s] [内存消耗：897.11kb] [文件加载：79]
[ info ] [ BEHAVIOR ] Run Closure @app_init [ RunTime:0.000046s ]
[ info ] [ CACHE ] INIT File
[ info ] [ BEHAVIOR ] Run Closure @app_init [ RunTime:0.002149s ]
[ info ] [ LANG ] /home/wwwroot/apiweb/public_html/thinkphp/lang/zh-cn.php
[ info ] [ BIND ] 'index'
[ info ] [ ROUTE ] array (
  'type' => 'module',
  'module' => 
  array (
    0 => 'index',
    1 => NULL,
    2 => NULL,
  ),
)
[ info ] [ HEADER ] array (
  'host' => 'api.kkkbw.cn',
  'connection' => 'keep-alive',
  'upgrade-insecure-requests' => '1',
  'user-agent' => 'Mozilla/5.0 (Macintosh; Intel Mac OS X 10_13_6) AppleWebKit/537.36 (KHTML, like Gecko) Chrome/69.0.3497.100 Safari/537.36',
  'accept' => 'text/html,application/xhtml+xml,application/xml;q=0.9,image/webp,image/apng,*/*;q=0.8',
  'accept-encoding' => 'gzip, deflate',
  'accept-language' => 'zh-CN,zh;q=0.9',
  'cookie' => 'PHPSESSID=r5gvlm67fink486vc393n67qo5; Hm_lvt_f8d0a8c400404989e195270b0bbf060a=1540175189; Hm_lpvt_f8d0a8c400404989e195270b0bbf060a=1540265255; uid=2; token=253366d6-c9c4-4ad5-8bf7-e4d3e07f103a; keeplogin=1%7C86400%7C1540535193%7C928f3b0a099e43b54786bae5b3af7def',
)
[ info ] [ PARAM ] array (
)
[ info ] [ LANG ] /home/wwwroot/apiweb/public_html/public/../application/index/lang/zh-cn.php
[ info ] [ BEHAVIOR ] Run app\common\behavior\Common @module_init [ RunTime:0.000466s ]
[ info ] [ TOKEN ] INIT Mysql
[ info ] [ DB ] INIT mysql
[ info ] [ LANG ] /home/wwwroot/apiweb/public_html/public/../application/index/lang/zh-cn/index.php
[ info ] [ RUN ] app\index\controller\Index->index[ /home/wwwroot/apiweb/public_html/application/index/controller/Index.php ]
[ info ] [ VIEW ] /home/wwwroot/apiweb/public_html/public/../application/index/view/index/index.html [ array (
  0 => 'user',
  1 => 'site',
  2 => 'config',
) ]
[ info ] [ LOG ] INIT File
[ sql ] [ DB ] CONNECT:[ UseTime:0.000509s ] mysql:host=127.0.0.1;dbname=apiweb;charset=utf8
[ sql ] [ SQL ] SHOW COLUMNS FROM `fa_user_token` [ RunTime:0.001876s ]
[ sql ] [ SQL ] SELECT * FROM `fa_user_token` WHERE  `token` = '35cf3bd97f0ae80869b26ff13f13eef9cedbea77' LIMIT 1 [ RunTime:0.000350s ]
---------------------------------------------------------------
[ 2018-10-26T11:49:21+08:00 ] 114.222.127.102 GET /user/index.html
[ info ] api.kkkbw.cn/user/index.html [运行时间：0.009722s][吞吐率：102.86req/s] [内存消耗：798.14kb] [文件加载：77]
[ info ] [ BEHAVIOR ] Run Closure @app_init [ RunTime:0.000036s ]
[ info ] [ CACHE ] INIT File
[ info ] [ BEHAVIOR ] Run Closure @app_init [ RunTime:0.000605s ]
[ info ] [ LANG ] /home/wwwroot/apiweb/public_html/thinkphp/lang/zh-cn.php
[ info ] [ BIND ] 'index'
[ info ] [ ROUTE ] array (
  'type' => 'module',
  'module' => 
  array (
    0 => 'index',
    1 => 'user',
    2 => 'index',
  ),
)
[ info ] [ HEADER ] array (
  'host' => 'api.kkkbw.cn',
  'connection' => 'keep-alive',
  'upgrade-insecure-requests' => '1',
  'user-agent' => 'Mozilla/5.0 (Macintosh; Intel Mac OS X 10_13_6) AppleWebKit/537.36 (KHTML, like Gecko) Chrome/69.0.3497.100 Safari/537.36',
  'accept' => 'text/html,application/xhtml+xml,application/xml;q=0.9,image/webp,image/apng,*/*;q=0.8',
  'referer' => 'http://api.kkkbw.cn/',
  'accept-encoding' => 'gzip, deflate',
  'accept-language' => 'zh-CN,zh;q=0.9',
  'cookie' => 'PHPSESSID=r5gvlm67fink486vc393n67qo5; Hm_lvt_f8d0a8c400404989e195270b0bbf060a=1540175189; Hm_lpvt_f8d0a8c400404989e195270b0bbf060a=1540265255; uid=2; token=253366d6-c9c4-4ad5-8bf7-e4d3e07f103a; keeplogin=1%7C86400%7C1540535193%7C928f3b0a099e43b54786bae5b3af7def',
)
[ info ] [ PARAM ] array (
)
[ info ] [ LANG ] /home/wwwroot/apiweb/public_html/public/../application/index/lang/zh-cn.php
[ info ] [ BEHAVIOR ] Run app\common\behavior\Common @module_init [ RunTime:0.000334s ]
[ info ] [ TOKEN ] INIT Mysql
[ info ] [ DB ] INIT mysql
[ info ] [ VIEW ] /home/wwwroot/apiweb/public_html/public/../application/common/view/tpl/dispatch_jump.tpl [ array (
  0 => 'code',
  1 => 'msg',
  2 => 'data',
  3 => 'url',
  4 => 'wait',
) ]
[ info ] [ LOG ] INIT File
[ sql ] [ DB ] CONNECT:[ UseTime:0.000302s ] mysql:host=127.0.0.1;dbname=apiweb;charset=utf8
[ sql ] [ SQL ] SHOW COLUMNS FROM `fa_user_token` [ RunTime:0.000712s ]
[ sql ] [ SQL ] SELECT * FROM `fa_user_token` WHERE  `token` = '35cf3bd97f0ae80869b26ff13f13eef9cedbea77' LIMIT 1 [ RunTime:0.000267s ]
---------------------------------------------------------------
[ 2018-10-26T11:49:24+08:00 ] 114.222.127.102 GET /user/login.html
[ info ] api.kkkbw.cn/user/login.html [运行时间：0.013799s][吞吐率：72.47req/s] [内存消耗：927.38kb] [文件加载：79]
[ info ] [ BEHAVIOR ] Run Closure @app_init [ RunTime:0.000044s ]
[ info ] [ CACHE ] INIT File
[ info ] [ BEHAVIOR ] Run Closure @app_init [ RunTime:0.000571s ]
[ info ] [ LANG ] /home/wwwroot/apiweb/public_html/thinkphp/lang/zh-cn.php
[ info ] [ BIND ] 'index'
[ info ] [ ROUTE ] array (
  'type' => 'module',
  'module' => 
  array (
    0 => 'index',
    1 => 'user',
    2 => 'login',
  ),
)
[ info ] [ HEADER ] array (
  'host' => 'api.kkkbw.cn',
  'connection' => 'keep-alive',
  'upgrade-insecure-requests' => '1',
  'user-agent' => 'Mozilla/5.0 (Macintosh; Intel Mac OS X 10_13_6) AppleWebKit/537.36 (KHTML, like Gecko) Chrome/69.0.3497.100 Safari/537.36',
  'accept' => 'text/html,application/xhtml+xml,application/xml;q=0.9,image/webp,image/apng,*/*;q=0.8',
  'referer' => 'http://api.kkkbw.cn/user/index.html',
  'accept-encoding' => 'gzip, deflate',
  'accept-language' => 'zh-CN,zh;q=0.9',
  'cookie' => 'PHPSESSID=r5gvlm67fink486vc393n67qo5; Hm_lvt_f8d0a8c400404989e195270b0bbf060a=1540175189; Hm_lpvt_f8d0a8c400404989e195270b0bbf060a=1540265255; uid=2; token=253366d6-c9c4-4ad5-8bf7-e4d3e07f103a; keeplogin=1%7C86400%7C1540535193%7C928f3b0a099e43b54786bae5b3af7def',
)
[ info ] [ PARAM ] array (
)
[ info ] [ LANG ] /home/wwwroot/apiweb/public_html/public/../application/index/lang/zh-cn.php
[ info ] [ BEHAVIOR ] Run app\common\behavior\Common @module_init [ RunTime:0.000260s ]
[ info ] [ TOKEN ] INIT Mysql
[ info ] [ DB ] INIT mysql
[ info ] [ LANG ] /home/wwwroot/apiweb/public_html/public/../application/index/lang/zh-cn/user.php
[ info ] [ RUN ] app\index\controller\User->login[ /home/wwwroot/apiweb/public_html/application/index/controller/User.php ]
[ info ] [ VIEW ] /home/wwwroot/apiweb/public_html/public/../application/index/view/user/login.html [ array (
  0 => 'user',
  1 => 'site',
  2 => 'config',
  3 => 'url',
  4 => 'title',
) ]
[ info ] [ SESSION ] INIT array (
  'id' => '',
  'var_session_id' => '',
  'prefix' => 'think',
  'type' => '',
  'auto_start' => true,
)
[ info ] [ LOG ] INIT File
[ sql ] [ DB ] CONNECT:[ UseTime:0.000652s ] mysql:host=127.0.0.1;dbname=apiweb;charset=utf8
[ sql ] [ SQL ] SHOW COLUMNS FROM `fa_user_token` [ RunTime:0.001452s ]
[ sql ] [ SQL ] SELECT * FROM `fa_user_token` WHERE  `token` = '35cf3bd97f0ae80869b26ff13f13eef9cedbea77' LIMIT 1 [ RunTime:0.000376s ]
---------------------------------------------------------------
[ 2018-10-26T15:31:41+08:00 ] 114.222.127.102 GET /
[ info ] api.kkkbw.cn/ [运行时间：0.014936s][吞吐率：66.95req/s] [内存消耗：835.54kb] [文件加载：77]
[ info ] [ BEHAVIOR ] Run Closure @app_init [ RunTime:0.000068s ]
[ info ] [ CACHE ] INIT File
[ info ] [ BEHAVIOR ] Run Closure @app_init [ RunTime:0.000835s ]
[ info ] [ LANG ] /home/wwwroot/apiweb/public_html/thinkphp/lang/zh-cn.php
[ info ] [ BIND ] 'index'
[ info ] [ ROUTE ] array (
  'type' => 'module',
  'module' => 
  array (
    0 => 'index',
    1 => NULL,
    2 => NULL,
  ),
)
[ info ] [ HEADER ] array (
  'host' => 'api.kkkbw.cn',
  'connection' => 'keep-alive',
  'upgrade-insecure-requests' => '1',
  'user-agent' => 'Mozilla/5.0 (Macintosh; Intel Mac OS X 10_13_6) AppleWebKit/537.36 (KHTML, like Gecko) Chrome/69.0.3497.100 Safari/537.36',
  'accept' => 'text/html,application/xhtml+xml,application/xml;q=0.9,image/webp,image/apng,*/*;q=0.8',
  'referer' => 'http://api.kkkbw.cn/api.html',
  'accept-encoding' => 'gzip, deflate',
  'accept-language' => 'zh-CN,zh;q=0.9',
  'cookie' => 'PHPSESSID=r5gvlm67fink486vc393n67qo5; Hm_lvt_f8d0a8c400404989e195270b0bbf060a=1540175189; Hm_lpvt_f8d0a8c400404989e195270b0bbf060a=1540265255; uid=2; token=253366d6-c9c4-4ad5-8bf7-e4d3e07f103a; keeplogin=1%7C86400%7C1540535193%7C928f3b0a099e43b54786bae5b3af7def; UM_distinctid=166ae82c49d305-0b5b8218461388-346a7809-13c680-166ae82c49ebb6',
)
[ info ] [ PARAM ] array (
)
[ info ] [ LANG ] /home/wwwroot/apiweb/public_html/public/../application/index/lang/zh-cn.php
[ info ] [ BEHAVIOR ] Run app\common\behavior\Common @module_init [ RunTime:0.000490s ]
[ info ] [ TOKEN ] INIT Mysql
[ info ] [ DB ] INIT mysql
[ info ] [ LANG ] /home/wwwroot/apiweb/public_html/public/../application/index/lang/zh-cn/index.php
[ info ] [ RUN ] app\index\controller\Index->index[ /home/wwwroot/apiweb/public_html/application/index/controller/Index.php ]
[ info ] [ VIEW ] /home/wwwroot/apiweb/public_html/public/../application/index/view/index/index.html [ array (
  0 => 'user',
  1 => 'site',
  2 => 'config',
) ]
[ info ] [ LOG ] INIT File
[ sql ] [ DB ] CONNECT:[ UseTime:0.000849s ] mysql:host=127.0.0.1;dbname=apiweb;charset=utf8
[ sql ] [ SQL ] SHOW COLUMNS FROM `fa_user_token` [ RunTime:0.001556s ]
[ sql ] [ SQL ] SELECT * FROM `fa_user_token` WHERE  `token` = '35cf3bd97f0ae80869b26ff13f13eef9cedbea77' LIMIT 1 [ RunTime:0.000425s ]
